
                           Design Compiler Graphical 
                                 DC Ultra (TM)
                                  DFTMAX (TM)
                              Power Compiler (TM)
                                 DesignWare (R)
                                 DC Expert (TM)
                               Design Vision (TM)
                               HDL Compiler (TM)
                               VHDL Compiler (TM)
                                  DFT Compiler
                               Design Compiler(R)

               Version R-2020.09-SP5 for linux64 - Apr 23, 2021 

                    Copyright (c) 1988 - 2021 Synopsys, Inc.
   This software and the associated documentation are proprietary to Synopsys,
 Inc. This software may only be used in accordance with the terms and conditions
 of a written license agreement with Synopsys, Inc. All other use, reproduction,
   or distribution of this software is strictly prohibited.  Licensed Products
     communicate with Synopsys servers for the purpose of providing software
    updates, detecting software piracy and verifying that customers are using
    Licensed Products in conformity with the applicable License Key for such
  Licensed Products. Synopsys will use information gathered in connection with
    this process to deliver software updates and pursue software pirates and
                                   infringers.

 Inclusivity & Diversity - Visit SolvNetPlus to read the "Synopsys Statement on
            Inclusivity and Diversity" (Refer to article 000036315 at
                        https://solvnetplus.synopsys.com)
Initializing...
#
# Synthesis Synopsys Flow
# james.stine@okstate.edu 27 Sep 2015
#
# Ignore unnecessary warnings:
# intraassignment delays for nonblocking assignments are ignored
suppress_message {VER-130} 
# statements in initial blocks are ignored
suppress_message {VER-281} 
suppress_message {VER-173} 
# get outputDir from environment (Makefile)
set saifpower 1
1
set maxopt 0
0
set outputDir ./
./
# Enables name mapping
if { $saifpower == 1 } {
    saif_map -start
}
Information: The SAIF name mapping information database is now active. (PWR-602)
1
# Verilog files
set my_verilog_files [glob hdl/*]
hdl/fma16.sv
# Set toplevel
set my_toplevel fma16
fma16
# Set number of significant digits
set report_default_significant_digits 6
6
# V(HDL) Unconnectoed Pins Output
set verilogout_show_unconnected_pins "true"
true
set vhdlout_show_unconnected_pins "true"
true
# Due to parameterized Verilog must use analyze/elaborate and not 
# read_verilog/vhdl (change to pull in Verilog and/or VHDL)
#
define_design_lib WORK -path ./WORK
1
analyze -f sverilog -lib WORK $my_verilog_files
Running PRESTO HDLC
Compiling source file ./hdl/fma16.sv
Presto compilation completed successfully.
Loading db file '/classes/ecen4233S22/tech_files/scc9gena_tt_1.2v_25C.db'
Loading db file '/programs/synopsys/syn/current/libraries/syn/dw_foundation.sldb'
1
elaborate $my_toplevel -lib WORK 
Loading db file '/programs/synopsys/syn/current/libraries/syn/gtech.db'
Loading db file '/programs/synopsys/syn/current/libraries/syn/standard.sldb'
  Loading link library 'scc9gena_tt_1.2v_25C'
  Loading link library 'gtech'
Running PRESTO HDLC
Presto compilation completed successfully. (fma16)
Elaborated 1 design.
Current design is now 'fma16'.
1
# Set the current_design 
current_design $my_toplevel
Current design is 'fma16'.
{fma16}
link

  Linking design 'fma16'
  Using the following designs and libraries:
  --------------------------------------------------------------------------
  scc9gena_tt_1.2v_25C (library) /classes/ecen4233S22/tech_files/scc9gena_tt_1.2v_25C.db
  dw_foundation.sldb (library) /programs/synopsys/syn/current/libraries/syn/dw_foundation.sldb

1
# Reset all constraints 
reset_design
1
# Power Dissipation Analysis
######### OPTIONAL !!!!!!!!!!!!!!!!
if { $saifpower == 1 } {
    read_saif -input fma16.saif -instance_name tb/dut -auto_map_names -verbose
}
1
# Set reset false path
set_false_path -from [get_ports reset]
Warning: Can't find port 'reset' in design 'fma16'. (UID-95)
Error: Value for list '-from' must have 1 elements. (CMD-036)
0
# Set Frequency in [MHz] or period in [ns]
set my_clock_pin clk
clk
set my_uncertainty 0.0
0.0
set my_clk_freq_MHz 250
250
set my_period [expr 1000.0 / $my_clk_freq_MHz]
4.0
# Create clock object 
set find_clock [ find port [list $my_clock_pin] ]
Warning: Can't find port 'clk' in design 'fma16'. (UID-95)
if {  $find_clock != [list] } {
    echo "Found clock!"
    set my_clk $my_clock_pin
    create_clock -period $my_period $my_clk
    set_clock_uncertainty $my_uncertainty [get_clocks $my_clk]
} else {
    echo "Did not find clock! Design is probably combinational!"
    set my_clk vclk
    create_clock -period $my_period -name $my_clk
}
Did not find clock! Design is probably combinational!
Warning: Creating virtual clock named 'vclk' with no sources. (UID-348)
1
# Optimize paths that are close to critical
set_critical_range [expr $my_period*0.05] $current_design
1
# Partitioning - flatten or hierarchically synthesize
if { $maxopt == 1 } {
    ungroup -all -flatten -simple_names
}
# Set input pins except clock
set all_in_ex_clk [remove_from_collection [all_inputs] [get_ports $my_clk]]
Warning: Can't find port 'vclk' in design 'fma16'. (UID-95)
{x[15] x[14] x[13] x[12] x[11] x[10] x[9] x[8] x[7] x[6] x[5] x[4] x[3] x[2] x[1] x[0] y[15] y[14] y[13] y[12] y[11] y[10] y[9] y[8] y[7] y[6] y[5] y[4] y[3] y[2] y[1] y[0] z[15] z[14] z[13] z[12] z[11] z[10] z[9] z[8] z[7] z[6] z[5] z[4] z[3] z[2] z[1] z[0] mul add negr negz roundmode[1] roundmode[0]}
# Specifies delays be propagated through the clock network
# This is getting optimized poorly in the current flow, causing a lot of clock skew 
# and unrealistic bad timing results.
# set_propagated_clock [get_clocks $my_clk]
# Setting constraints on input ports 
set_driving_cell  -lib_cell scc9gena_dfxbp_1 -pin Q $all_in_ex_clk
1
# Set input/output delay
set_input_delay 0.1 -max -clock $my_clk $all_in_ex_clk
1
set_output_delay 0.1 -max -clock $my_clk [all_outputs]
1
# Setting load constraint on output ports 
set_load [expr [load_of scc9gena_tt_1.2v_25C/scc9gena_dfxbp_1/D] * 1] [all_outputs]
1
# Set the wire load model 
set_wire_load_mode "top"
1
# Attempt Area Recovery - if looking for minimal area
# set_max_area 2000
# Set fanout
set_max_fanout 6 $all_in_ex_clk
1
# Fix hold time violations (DH: this doesn't seem to be working right now)
#set_fix_hold [all_clocks]
# Deal with constants and buffers to isolate ports
set_fix_multiple_port_nets -all -buffer_constants
1
# setting up the group paths to find out the required timings
# group_path -name OUTPUTS -to [all_outputs]
# group_path -name INPUTS -from [all_inputs] 
# group_path -name COMBO -from [all_inputs] -to [all_outputs]
# Save Unmapped Design
set filename [format "%s%s%s%s" $outputDir "/unmapped/" $my_toplevel ".ddc"]
.//unmapped/fma16.ddc
write_file -format ddc -hierarchy -o $filename
Writing ddc file './/unmapped/fma16.ddc'.
1
# Compile statements
if { $maxopt == 1 } {
    compile_ultra -retime
    optimize_registers
} else {
    compile_ultra -no_seq_output_inversion -no_boundary_optimization
}
Information: Auto ungrouping of the design is disabled because the '-no_boundary_optimization' is used. (OPT-1316)
Warning: The value of variable 'compile_preserve_subdesign_interfaces' has been changed to true because '-no_boundary_optimization' is used. (OPT-133)
Information: Starting from 2013.12 release, constant propagation is enabled even when boundary optimization is disabled. (OPT-1318)
Information: Performing power optimization. (PWR-850)
Alib files are up-to-date.
Information: Evaluating DesignWare library utilization. (UISN-27)

============================================================================
| DesignWare Building Block Library  |         Version         | Available |
============================================================================
| Basic DW Building Blocks           | R-2020.09-DWBB_202009.5 |     *     |
| Licensed DW Building Blocks        | R-2020.09-DWBB_202009.5 |     *     |
============================================================================


Information: There are 22 potential problems in your design. Please run 'check_design' for more information. (LINT-99)

  Simplifying Design 'fma16'

Loaded alib file './alib-52/scc9gena_tt_1.2v_25C.db.alib'
Information: State dependent leakage is now switched from on to off.

  Beginning Pass 1 Mapping
  ------------------------
  Processing 'fma16'
 Implement Synthetic for 'fma16'.

  Updating timing information
Information: Updating design information... (UID-85)
Information: The library cell 'scc9gena_conb_1' in the library 'scc9gena_tt_1.2v_25C' is not characterized for internal power. (PWR-536)
Information: The target library(s) contains cell(s), other than black boxes, that are not characterized for internal power. (PWR-24)

  Beginning Mapping Optimizations  (Ultra High effort)
  -------------------------------
Information: Added key list 'DesignWare' to design 'fma16'. (DDB-72)

                                  TOTAL                                                
   ELAPSED            WORST NEG   SETUP    DESIGN                              LEAKAGE 
    TIME      AREA      SLACK     COST    RULE COST         ENDPOINT            POWER  
  --------- --------- --------- --------- --------- ------------------------- ---------
    0:00:04    1276.9      0.00       0.0       8.0                            334.6375
    0:00:04    1276.9      0.00       0.0       8.0                            334.6375

  Beginning Constant Register Removal
  -----------------------------------

  Beginning Global Optimizations
  ------------------------------
  Numerical Synthesis (Phase 1)
  Numerical Synthesis (Phase 2)
  Global Optimization (Phase 1)
  Global Optimization (Phase 2)
  Global Optimization (Phase 3)
  Global Optimization (Phase 4)
  Global Optimization (Phase 5)
  Global Optimization (Phase 6)
  Global Optimization (Phase 7)
  Global Optimization (Phase 8)
  Global Optimization (Phase 9)
  Global Optimization (Phase 10)
  Global Optimization (Phase 11)
  Global Optimization (Phase 12)
  Global Optimization (Phase 13)
  Global Optimization (Phase 14)
  Global Optimization (Phase 15)
  Global Optimization (Phase 16)
  Global Optimization (Phase 17)
  Global Optimization (Phase 18)
  Global Optimization (Phase 19)
  Global Optimization (Phase 20)
  Global Optimization (Phase 21)
  Global Optimization (Phase 22)
  Global Optimization (Phase 23)
  Global Optimization (Phase 24)
  Global Optimization (Phase 25)
  Global Optimization (Phase 26)
  Global Optimization (Phase 27)
  Global Optimization (Phase 28)
  Global Optimization (Phase 29)

  Beginning Isolate Ports
  -----------------------

  Beginning Delay Optimization
  ----------------------------
    0:00:04    1218.1      0.00       0.0       8.0                            197.6723
    0:00:04    1218.1      0.00       0.0       8.0                            197.6723
    0:00:04    1218.1      0.00       0.0       8.0                            197.6723
    0:00:04    1218.1      0.00       0.0       8.0                            197.6723
    0:00:04    1218.1      0.00       0.0       8.0                            197.6723
    0:00:04    1218.1      0.00       0.0       8.0                            197.6723

  Beginning WLM Backend Optimization
  --------------------------------------
    0:00:04    1218.1      0.00       0.0       8.0                            187.9452
    0:00:04    1218.1      0.00       0.0       8.0                            187.9452
    0:00:04    1218.1      0.00       0.0       8.0                            187.9452
    0:00:04    1218.1      0.00       0.0       8.0                            187.9452
    0:00:04    1218.1      0.00       0.0       8.0                            187.9452
    0:00:04    1218.1      0.00       0.0       8.0                            187.9452
    0:00:04    1218.1      0.00       0.0       8.0                            187.9452
    0:00:04    1218.1      0.00       0.0       8.0                            187.9452
    0:00:04    1218.1      0.00       0.0       8.0                            187.9452
    0:00:04    1218.1      0.00       0.0       8.0                            187.9452
    0:00:04    1218.1      0.00       0.0       8.0                            187.9452
    0:00:04    1218.1      0.00       0.0       8.0                            187.9452
    0:00:04    1218.1      0.00       0.0       8.0                            187.9452
    0:00:04    1218.1      0.00       0.0       8.0                            187.9452
    0:00:04    1218.1      0.00       0.0       8.0                            187.9452
    0:00:04    1218.1      0.00       0.0       8.0                            187.9452
    0:00:04    1218.1      0.00       0.0       8.0                            187.9452
    0:00:04    1218.1      0.00       0.0       8.0                            187.9452
    0:00:04    1218.1      0.00       0.0       8.0                            187.9452
    0:00:04    1218.1      0.00       0.0       8.0                            187.9452
    0:00:04    1218.1      0.00       0.0       8.0                            187.9452
    0:00:04    1218.1      0.00       0.0       8.0                            187.9452


  Beginning Design Rule Fixing  (max_fanout)
  ----------------------------

                                  TOTAL                                                
   ELAPSED            WORST NEG   SETUP    DESIGN                              LEAKAGE 
    TIME      AREA      SLACK     COST    RULE COST         ENDPOINT            POWER  
  --------- --------- --------- --------- --------- ------------------------- ---------
    0:00:04    1218.1      0.00       0.0       8.0                            187.9452
  Global Optimization (Phase 30)
  Global Optimization (Phase 31)
  Global Optimization (Phase 32)
    0:00:05    1226.0      0.00       0.0       0.0                            189.3120
    0:00:05    1226.0      0.00       0.0       0.0                            189.3120


  Beginning Leakage Power Optimization  (max_leakage_power 0)
  ------------------------------------

                                  TOTAL                                                
   ELAPSED            WORST NEG   SETUP    DESIGN                              LEAKAGE 
    TIME      AREA      SLACK     COST    RULE COST         ENDPOINT            POWER  
  --------- --------- --------- --------- --------- ------------------------- ---------
    0:00:05    1226.0      0.00       0.0       0.0                            189.3120
  Global Optimization (Phase 33)
  Global Optimization (Phase 34)
  Global Optimization (Phase 35)
  Global Optimization (Phase 36)
  Global Optimization (Phase 37)
  Global Optimization (Phase 38)
  Global Optimization (Phase 39)
  Global Optimization (Phase 40)
  Global Optimization (Phase 41)
  Global Optimization (Phase 42)
  Global Optimization (Phase 43)
  Global Optimization (Phase 44)
    0:00:05    1222.1      0.00       0.0       0.0                            157.1092
    0:00:05    1222.1      0.00       0.0       0.0                            157.1092
    0:00:05    1222.1      0.00       0.0       0.0                            157.1092
    0:00:05    1222.1      0.00       0.0       0.0                            157.1092
    0:00:05    1222.1      0.00       0.0       0.0                            157.1092
    0:00:05    1222.1      0.00       0.0       0.0                            157.1092
    0:00:05    1222.1      0.00       0.0       0.0                            157.1092
    0:00:05    1222.1      0.00       0.0       0.0                            157.1092
    0:00:05    1222.1      0.00       0.0       0.0                            157.1092
    0:00:05    1222.1      0.00       0.0       0.0                            157.1092
    0:00:05    1222.1      0.00       0.0       0.0                            157.1092
    0:00:05    1222.1      0.00       0.0       0.0                            157.1092
    0:00:05    1222.1      0.00       0.0       0.0                            157.1092
    0:00:05    1222.1      0.00       0.0       0.0                            157.1092
    0:00:05    1222.1      0.00       0.0       0.0                            157.1092
    0:00:05    1222.1      0.00       0.0       0.0                            157.1092
    0:00:05    1222.1      0.00       0.0       0.0                            157.1092
    0:00:05    1222.1      0.00       0.0       0.0                            157.1092
    0:00:05    1222.1      0.00       0.0       0.0                            157.1092
    0:00:05    1222.1      0.00       0.0       0.0                            157.1092
    0:00:05    1222.1      0.00       0.0       0.0                            157.1092
    0:00:05    1222.1      0.00       0.0       0.0                            157.1092

                                  TOTAL                                                
   ELAPSED            WORST NEG   SETUP    DESIGN                              LEAKAGE 
    TIME      AREA      SLACK     COST    RULE COST         ENDPOINT            POWER  
  --------- --------- --------- --------- --------- ------------------------- ---------
    0:00:05    1222.1      0.00       0.0       0.0                            157.1092
    0:00:05    1254.4      0.00       0.0       0.0                            166.9363
    0:00:05    1254.4      0.00       0.0       0.0                            166.9363
    0:00:05    1254.4      0.00       0.0       0.0                            166.9363
    0:00:05    1248.5      0.00       0.0       0.0                            165.0555
    0:00:05    1236.8      0.00       0.0       0.0                            159.4040
    0:00:05    1236.8      0.00       0.0       0.0                            159.4040
    0:00:05    1236.8      0.00       0.0       0.0                            159.4040
    0:00:05    1236.8      0.00       0.0       0.0                            159.4040
    0:00:05    1236.8      0.00       0.0       0.0                            159.4040
    0:00:05    1236.8      0.00       0.0       0.0                            159.4040
    0:00:05    1222.1      0.00       0.0       0.0                            154.7020
Loading db file '/classes/ecen4233S22/tech_files/scc9gena_tt_1.2v_25C.db'


Note: Symbol # after min delay cost means estimated hold TNS across all active scenarios 


  Optimization Complete
  ---------------------
Information: State dependent leakage is now switched from off to on.
Information: Propagating switching activity (low effort zero delay simulation). (PWR-6)
1
# Eliminate need for assign statements (yuck!)
set verilogout_no_tri true
true
set verilogout_equation false
false
# setting to generate output files
set write_v    1        ;# generates structual netlist
1
set write_sdc  1	;# generates synopsys design constraint file for p&r
1
set write_ddc  1	;# compiler file in ddc format
1
set write_sdf  1	;# sdf file for backannotated timing sim
1
set write_pow  1 	;# genrates estimated power report
1
set write_rep  1	;# generates estimated area and timing report
1
set write_cst  1        ;# generate report of constraints
1
set write_hier 1        ;# generate hierarchy report
1
# Report Constraint Violators
set filename [format "%s%s%s%s" $outputDir "/reports/" $my_toplevel "_constraint_all_violators.rpt"]
.//reports/fma16_constraint_all_violators.rpt
redirect $filename {report_constraint -all_violators}
# Check design
redirect $outputDir/reports/check_design.rpt { check_design }
# Report Final Netlist (Hierarchical)
set filename [format "%s%s%s%s" $outputDir "/mapped/" $my_toplevel ".sv"]
.//mapped/fma16.sv
write_file -f verilog -hierarchy -output $filename
Writing verilog file '/home/jstine/HSCAProjectS22/synthDC/mapped/fma16.sv'.
1
set filename [format "%s%s%s%s" $outputDir "/mapped/" $my_toplevel ".sdc"]
.//mapped/fma16.sdc
write_sdc $filename
1
set filename [format "%s%s%s%s" $outputDir  "/mapped/" $my_toplevel ".ddc"]
.//mapped/fma16.ddc
write_file -format ddc -hierarchy -o $filename
Writing ddc file './/mapped/fma16.ddc'.
1
set filename [format "%s%s%s%s" $outputDir "/mapped/" $my_toplevel ".sdf"]
.//mapped/fma16.sdf
write_sdf $filename
Information: Annotated 'cell' delays are assumed to include load delay. (UID-282)
Information: Writing timing information to file '/home/jstine/HSCAProjectS22/synthDC/mapped/fma16.sdf'. (WT-3)
1
# QoR
set filename [format "%s%s%s%s"  $outputDir "/reports/" $my_toplevel "_qor.rep"]
.//reports/fma16_qor.rep
redirect $filename { report_qor }
# Report Timing
set filename [format "%s%s%s%s" $outputDir "/reports/" $my_toplevel "_reportpath.rep"]
.//reports/fma16_reportpath.rep
#redirect $filename { report_path_group }
set filename [format "%s%s%s%s" $outputDir "/reports/" $my_toplevel "_report_clock.rep"]
.//reports/fma16_report_clock.rep
# redirect $filename { report_clock }
set filename [format "%s%s%s%s" $outputDir  "/reports/" $my_toplevel "_timing.rep"]
.//reports/fma16_timing.rep
redirect $filename { report_timing -capacitance -transition_time -nets -nworst 1 }
set filename [format "%s%s%s%s" $outputDir  "/reports/" $my_toplevel "_mindelay.rep"]
.//reports/fma16_mindelay.rep
redirect $filename { report_timing -capacitance -transition_time -nets -delay_type min -nworst 1 }
set filename [format "%s%s%s%s" $outputDir  "/reports/" $my_toplevel "_min_timing.rep"]
.//reports/fma16_min_timing.rep
redirect $filename { report_timing -delay min }
set filename [format "%s%s%s%s" $outputDir  "/reports/" $my_toplevel "_area.rep"]
.//reports/fma16_area.rep
redirect $filename { report_area -hierarchy -nosplit -physical -designware}
set filename [format "%s%s%s%s" $outputDir  "/reports/" $my_toplevel "_cell.rep"]
.//reports/fma16_cell.rep
# redirect $filename { report_cell [get_cells -hier *] }
set filename [format "%s%s%s%s" $outputDir  "/reports/" $my_toplevel "_power.rep"]
.//reports/fma16_power.rep
redirect $filename { report_power -hierarchy -levels 1 }
set filename [format "%s%s%s%s" $outputDir  "/reports/" $my_toplevel "_constraint.rep"]
.//reports/fma16_constraint.rep
redirect $filename { report_constraint }
set filename [format "%s%s%s%s" $outputDir  "/reports/" $my_toplevel "_hier.rep"]
.//reports/fma16_hier.rep
redirect $filename { report_hierarchy }
quit 

Memory usage for this session 298 Mbytes.
Memory usage for this session including child processes 298 Mbytes.
CPU usage for this session 12 seconds ( 0.00 hours ).
Elapsed time for this session 14 seconds ( 0.00 hours ).

Thank you...
